# JRE version: Java(TM) SE Runtime Environment (8.0_221-b11) (build 1.8.0_221-b11)
# Java VM: Java HotSpot(TM) 64-Bit Server VM (25.221-b11 mixed mode windows-amd64 compressed oops)
Heap:
 garbage-first heap   total 194560K, used 119652K [0x00000000c0000000, 0x00000000c01005f0, 0x0000000100000000)
  region size 1024K, 107 young (109568K), 7 survivors (7168K)
 Metaspace       used 32876K, capacity 34970K, committed 35072K, reserved 1079296K
  class space    used 3642K, capacity 4264K, committed 4352K, reserved 1048576K
GC Heap History (6 events):
Event: 0.871 GC heap before
{Heap before GC invocations=0 (full 0):
 garbage-first heap   total 194560K, used 9216K [0x00000000c0000000, 0x00000000c01005f0, 0x0000000100000000)
  region size 1024K, 9 young (9216K), 0 survivors (0K)
 Metaspace       used 5318K, capacity 5492K, committed 5760K, reserved 1056768K
  class space    used 558K, capacity 599K, committed 640K, reserved 1048576K
Event: 0.873 GC heap after
Heap after GC invocations=1 (full 0):
 garbage-first heap   total 194560K, used 2295K [0x00000000c0000000, 0x00000000c01005f0, 0x0000000100000000)
  region size 1024K, 2 young (2048K), 2 survivors (2048K)
 Metaspace       used 5318K, capacity 5492K, committed 5760K, reserved 1056768K
  class space    used 558K, capacity 599K, committed 640K, reserved 1048576K
}
Event: 4.791 GC heap before
{Heap before GC invocations=1 (full 0):
 garbage-first heap   total 194560K, used 21751K [0x00000000c0000000, 0x00000000c01005f0, 0x0000000100000000)
  region size 1024K, 21 young (21504K), 2 survivors (2048K)
 Metaspace       used 9818K, capacity 10440K, committed 10624K, reserved 1058816K
  class space    used 1006K, capacity 1138K, committed 1152K, reserved 1048576K
Event: 4.801 GC heap after
Heap after GC invocations=2 (full 0):
 garbage-first heap   total 194560K, used 7758K [0x00000000c0000000, 0x00000000c01005f0, 0x0000000100000000)
  region size 1024K, 3 young (3072K), 3 survivors (3072K)
 Metaspace       used 9818K, capacity 10440K, committed 10624K, reserved 1058816K
  class space    used 1006K, capacity 1138K, committed 1152K, reserved 1048576K
}
Event: 5.665 GC heap before
{Heap before GC invocations=2 (full 0):
 garbage-first heap   total 194560K, used 53838K [0x00000000c0000000, 0x00000000c01005f0, 0x0000000100000000)
  region size 1024K, 49 young (50176K), 3 survivors (3072K)
 Metaspace       used 20233K, capacity 21166K, committed 21296K, reserved 1069056K
  class space    used 2108K, capacity 2422K, committed 2432K, reserved 1048576K
Event: 5.677 GC heap after
Heap after GC invocations=3 (full 0):
 garbage-first heap   total 194560K, used 19300K [0x00000000c0000000, 0x00000000c01005f0, 0x0000000100000000)
  region size 1024K, 7 young (7168K), 7 survivors (7168K)
 Metaspace       used 20233K, capacity 21166K, committed 21296K, reserved 1069056K
  class space    used 2108K, capacity 2422K, committed 2432K, reserved 1048576K
}

